TN:
SF:controllers\workoutController.js
FN:8,(anonymous_0)
FN:22,(anonymous_1)
FN:28,(anonymous_2)
FN:44,validateID
FN:52,(anonymous_4)
FNF:5
FNH:3
FNDA:1,(anonymous_0)
FNDA:0,(anonymous_1)
FNDA:1,(anonymous_2)
FNDA:1,validateID
FNDA:0,(anonymous_4)
DA:3,1
DA:4,1
DA:5,1
DA:8,1
DA:9,1
DA:13,1
DA:14,1
DA:15,0
DA:17,1
DA:22,1
DA:23,0
DA:24,0
DA:28,1
DA:29,1
DA:33,1
DA:35,0
DA:37,0
DA:38,0
DA:40,0
DA:45,1
DA:46,1
DA:47,0
DA:52,1
DA:53,0
DA:56,0
DA:58,0
DA:60,0
DA:61,0
DA:64,0
DA:68,1
LF:30
LH:16
BRDA:33,0,0,1
BRDA:33,0,1,0
BRDA:37,1,0,0
BRDA:37,1,1,0
BRDA:45,2,0,1
BRDA:45,2,1,0
BRDA:56,3,0,0
BRDA:56,3,1,0
BRDA:60,4,0,0
BRDA:60,4,1,0
BRF:10
BRH:2
end_of_record
TN:
SF:models\workoutModel.js
FNF:0
FNH:0
DA:3,1
DA:5,1
DA:7,1
DA:26,1
LF:4
LH:4
BRF:0
BRH:0
end_of_record
TN:
SF:util\interceptor.js
FN:2,(anonymous_0)
FN:9,(anonymous_1)
FNF:2
FNH:2
FNDA:2,(anonymous_0)
FNDA:2,(anonymous_1)
DA:1,1
DA:3,2
DA:4,2
DA:5,2
DA:6,2
DA:10,2
DA:11,2
DA:12,2
DA:13,2
DA:14,2
LF:10
LH:10
BRF:0
BRH:0
end_of_record
